<?xml version="1.0" encoding="UTF-8"?>
<testng-results total="1" passed="1" failed="0" skipped="0">
  <reporter-output>
  </reporter-output>
  <suite started-at="2023-05-27T01:50:00Z" name="Default suite" finished-at="2023-05-27T01:51:43Z" duration-ms="103092">
    <groups>
    </groups>
    <test started-at="2023-05-27T01:50:00Z" name="Default test" finished-at="2023-05-27T01:51:43Z" duration-ms="103092">
      <class name="test.RateTest">
        <test-method is-config="true" signature="beforeTest()[pri:0, instance:test.RateTest@60129b9a]" started-at="2023-05-27T08:50:00Z" name="beforeTest" finished-at="2023-05-27T08:50:16Z" duration-ms="16138" status="PASS">
          <reporter-output>
          </reporter-output>
        </test-method> <!-- beforeTest -->
        <test-method signature="test()[pri:0, instance:test.RateTest@60129b9a]" started-at="2023-05-27T08:50:16Z" name="test" finished-at="2023-05-27T08:51:43Z" duration-ms="86945" status="PASS">
          <reporter-output>
          </reporter-output>
        </test-method> <!-- test -->
      </class> <!-- test.RateTest -->
    </test> <!-- Default test -->
  </suite> <!-- Default suite -->
</testng-results>
